# JRE version: OpenJDK Runtime Environment Temurin-17.0.13+11 (17.0.13+11) (build 17.0.13+11)
# Java VM: OpenJDK 64-Bit Server VM Temurin-17.0.13+11 (17.0.13+11, mixed mode, tiered, compressed oops, compressed class ptrs, parallel gc, windows-amd64)
GC Precious Log:
 CPUs: 16 total, 16 available
 Memory: 16294M
 Large Page Support: Disabled
 NUMA Support: Disabled
 Compressed Oops: Enabled (32-bit)
 Alignments: Space 512K, Generation 512K, Heap 2M
 Heap Min Capacity: 100M
 Heap Initial Capacity: 100M
 Heap Max Capacity: 1G
 Pre-touch: Disabled
 Parallel Workers: 13
Heap:
 PSYoungGen      total 22016K, used 19840K [0x00000000eab00000, 0x00000000ecd80000, 0x0000000100000000)
  eden space 13824K, 84% used [0x00000000eab00000,0x00000000eb661348,0x00000000eb880000)
  from space 8192K, 99% used [0x00000000ec580000,0x00000000ecd7ed50,0x00000000ecd80000)
  to   space 10240K, 0% used [0x00000000eb980000,0x00000000eb980000,0x00000000ec380000)
 ParOldGen       total 379392K, used 334495K [0x00000000c0000000, 0x00000000d7280000, 0x00000000eab00000)
  object space 379392K, 88% used [0x00000000c0000000,0x00000000d46a7f18,0x00000000d7280000)
 Metaspace       used 70637K, committed 71872K, reserved 1114112K
  class space    used 7236K, committed 7808K, reserved 1048576K
GC Heap History (20 events):
Event: 9.640 GC heap before
{Heap before GC invocations=123 (full 10):
 PSYoungGen      total 13824K, used 12659K [0x00000000eab00000, 0x00000000ebc80000, 0x0000000100000000)
  eden space 9216K, 99% used [0x00000000eab00000,0x00000000eb3fffe0,0x00000000eb400000)
  from space 4608K, 74% used [0x00000000eb800000,0x00000000ebb5cff0,0x00000000ebc80000)
  to   space 4096K, 0% used [0x00000000eb400000,0x00000000eb400000,0x00000000eb800000)
 ParOldGen       total 334848K, used 317831K [0x00000000c0000000, 0x00000000d4700000, 0x00000000eab00000)
  object space 334848K, 94% used [0x00000000c0000000,0x00000000d3661e98,0x00000000d4700000)
 Metaspace       used 68384K, committed 69568K, reserved 1114112K
  class space    used 6998K, committed 7488K, reserved 1048576K
}
Event: 9.643 GC heap after
{Heap after GC invocations=123 (full 10):
 PSYoungGen      total 13312K, used 4079K [0x00000000eab00000, 0x00000000ec500000, 0x0000000100000000)
  eden space 9216K, 0% used [0x00000000eab00000,0x00000000eab00000,0x00000000eb400000)
  from space 4096K, 99% used [0x00000000eb400000,0x00000000eb7fbf40,0x00000000eb800000)
  to   space 8192K, 0% used [0x00000000ebd00000,0x00000000ebd00000,0x00000000ec500000)
 ParOldGen       total 334848K, used 320962K [0x00000000c0000000, 0x00000000d4700000, 0x00000000eab00000)
  object space 334848K, 95% used [0x00000000c0000000,0x00000000d3970a78,0x00000000d4700000)
 Metaspace       used 68384K, committed 69568K, reserved 1114112K
  class space    used 6998K, committed 7488K, reserved 1048576K
}
Event: 9.753 GC heap before
{Heap before GC invocations=124 (full 10):
 PSYoungGen      total 13312K, used 13140K [0x00000000eab00000, 0x00000000ec500000, 0x0000000100000000)
  eden space 9216K, 98% used [0x00000000eab00000,0x00000000eb3d9250,0x00000000eb400000)
  from space 4096K, 99% used [0x00000000eb400000,0x00000000eb7fbf40,0x00000000eb800000)
  to   space 8192K, 0% used [0x00000000ebd00000,0x00000000ebd00000,0x00000000ec500000)
 ParOldGen       total 334848K, used 320962K [0x00000000c0000000, 0x00000000d4700000, 0x00000000eab00000)
  object space 334848K, 95% used [0x00000000c0000000,0x00000000d3970a78,0x00000000d4700000)
 Metaspace       used 68496K, committed 69632K, reserved 1114112K
  class space    used 7001K, committed 7488K, reserved 1048576K
}
Event: 9.759 GC heap after
{Heap after GC invocations=124 (full 10):
 PSYoungGen      total 18432K, used 7726K [0x00000000eab00000, 0x00000000ec500000, 0x0000000100000000)
  eden space 10240K, 0% used [0x00000000eab00000,0x00000000eab00000,0x00000000eb500000)
  from space 8192K, 94% used [0x00000000ebd00000,0x00000000ec48ba90,0x00000000ec500000)
  to   space 8192K, 0% used [0x00000000eb500000,0x00000000eb500000,0x00000000ebd00000)
 ParOldGen       total 334848K, used 322193K [0x00000000c0000000, 0x00000000d4700000, 0x00000000eab00000)
  object space 334848K, 96% used [0x00000000c0000000,0x00000000d3aa44e8,0x00000000d4700000)
 Metaspace       used 68496K, committed 69632K, reserved 1114112K
  class space    used 7001K, committed 7488K, reserved 1048576K
}
Event: 9.839 GC heap before
{Heap before GC invocations=125 (full 10):
 PSYoungGen      total 18432K, used 17966K [0x00000000eab00000, 0x00000000ec500000, 0x0000000100000000)
  eden space 10240K, 100% used [0x00000000eab00000,0x00000000eb500000,0x00000000eb500000)
  from space 8192K, 94% used [0x00000000ebd00000,0x00000000ec48ba90,0x00000000ec500000)
  to   space 8192K, 0% used [0x00000000eb500000,0x00000000eb500000,0x00000000ebd00000)
 ParOldGen       total 334848K, used 322193K [0x00000000c0000000, 0x00000000d4700000, 0x00000000eab00000)
  object space 334848K, 96% used [0x00000000c0000000,0x00000000d3aa44e8,0x00000000d4700000)
 Metaspace       used 68874K, committed 70080K, reserved 1114112K
  class space    used 7054K, committed 7616K, reserved 1048576K
}
Event: 9.846 GC heap after
{Heap after GC invocations=125 (full 10):
 PSYoungGen      total 18432K, used 8182K [0x00000000eab00000, 0x00000000ed400000, 0x0000000100000000)
  eden space 10240K, 0% used [0x00000000eab00000,0x00000000eab00000,0x00000000eb500000)
  from space 8192K, 99% used [0x00000000eb500000,0x00000000ebcfd838,0x00000000ebd00000)
  to   space 15360K, 0% used [0x00000000ec500000,0x00000000ec500000,0x00000000ed400000)
 ParOldGen       total 334848K, used 327949K [0x00000000c0000000, 0x00000000d4700000, 0x00000000eab00000)
  object space 334848K, 97% used [0x00000000c0000000,0x00000000d40434b8,0x00000000d4700000)
 Metaspace       used 68874K, committed 70080K, reserved 1114112K
  class space    used 7054K, committed 7616K, reserved 1048576K
}
Event: 9.941 GC heap before
{Heap before GC invocations=126 (full 10):
 PSYoungGen      total 18432K, used 18169K [0x00000000eab00000, 0x00000000ed400000, 0x0000000100000000)
  eden space 10240K, 97% used [0x00000000eab00000,0x00000000eb4c0c68,0x00000000eb500000)
  from space 8192K, 99% used [0x00000000eb500000,0x00000000ebcfd838,0x00000000ebd00000)
  to   space 15360K, 0% used [0x00000000ec500000,0x00000000ec500000,0x00000000ed400000)
 ParOldGen       total 334848K, used 327949K [0x00000000c0000000, 0x00000000d4700000, 0x00000000eab00000)
  object space 334848K, 97% used [0x00000000c0000000,0x00000000d40434b8,0x00000000d4700000)
 Metaspace       used 69074K, committed 70272K, reserved 1114112K
  class space    used 7080K, committed 7616K, reserved 1048576K
}
Event: 9.946 GC heap after
{Heap after GC invocations=126 (full 10):
 PSYoungGen      total 21504K, used 10021K [0x00000000eab00000, 0x00000000ecf00000, 0x0000000100000000)
  eden space 11264K, 0% used [0x00000000eab00000,0x00000000eab00000,0x00000000eb600000)
  from space 10240K, 97% used [0x00000000ec500000,0x00000000ecec9558,0x00000000ecf00000)
  to   space 11776K, 0% used [0x00000000eb800000,0x00000000eb800000,0x00000000ec380000)
 ParOldGen       total 334848K, used 330456K [0x00000000c0000000, 0x00000000d4700000, 0x00000000eab00000)
  object space 334848K, 98% used [0x00000000c0000000,0x00000000d42b6380,0x00000000d4700000)
 Metaspace       used 69074K, committed 70272K, reserved 1114112K
  class space    used 7080K, committed 7616K, reserved 1048576K
}
Event: 9.995 GC heap before
{Heap before GC invocations=127 (full 10):
 PSYoungGen      total 21504K, used 21285K [0x00000000eab00000, 0x00000000ecf00000, 0x0000000100000000)
  eden space 11264K, 100% used [0x00000000eab00000,0x00000000eb600000,0x00000000eb600000)
  from space 10240K, 97% used [0x00000000ec500000,0x00000000ecec9558,0x00000000ecf00000)
  to   space 11776K, 0% used [0x00000000eb800000,0x00000000eb800000,0x00000000ec380000)
 ParOldGen       total 334848K, used 330456K [0x00000000c0000000, 0x00000000d4700000, 0x00000000eab00000)
  object space 334848K, 98% used [0x00000000c0000000,0x00000000d42b6380,0x00000000d4700000)
 Metaspace       used 69153K, committed 70464K, reserved 1114112K
  class space    used 7090K, committed 7680K, reserved 1048576K
}
Event: 10.002 GC heap after
{Heap after GC invocations=127 (full 10):
 PSYoungGen      total 24576K, used 11756K [0x00000000eab00000, 0x00000000ed380000, 0x0000000100000000)
  eden space 12800K, 0% used [0x00000000eab00000,0x00000000eab00000,0x00000000eb780000)
  from space 11776K, 99% used [0x00000000eb800000,0x00000000ec37b2d8,0x00000000ec380000)
  to   space 14336K, 0% used [0x00000000ec580000,0x00000000ec580000,0x00000000ed380000)
 ParOldGen       total 334848K, used 331952K [0x00000000c0000000, 0x00000000d4700000, 0x00000000eab00000)
  object space 334848K, 99% used [0x00000000c0000000,0x00000000d442c380,0x00000000d4700000)
 Metaspace       used 69153K, committed 70464K, reserved 1114112K
  class space    used 7090K, committed 7680K, reserved 1048576K
}
Event: 10.098 GC heap before
{Heap before GC invocations=128 (full 10):
 PSYoungGen      total 24576K, used 24502K [0x00000000eab00000, 0x00000000ed380000, 0x0000000100000000)
  eden space 12800K, 99% used [0x00000000eab00000,0x00000000eb772580,0x00000000eb780000)
  from space 11776K, 99% used [0x00000000eb800000,0x00000000ec37b2d8,0x00000000ec380000)
  to   space 14336K, 0% used [0x00000000ec580000,0x00000000ec580000,0x00000000ed380000)
 ParOldGen       total 334848K, used 331952K [0x00000000c0000000, 0x00000000d4700000, 0x00000000eab00000)
  object space 334848K, 99% used [0x00000000c0000000,0x00000000d442c380,0x00000000d4700000)
 Metaspace       used 69820K, committed 71104K, reserved 1114112K
  class space    used 7159K, committed 7744K, reserved 1048576K
}
Event: 10.104 GC heap after
{Heap after GC invocations=128 (full 10):
 PSYoungGen      total 27136K, used 12950K [0x00000000eab00000, 0x00000000ed280000, 0x0000000100000000)
  eden space 13824K, 0% used [0x00000000eab00000,0x00000000eab00000,0x00000000eb880000)
  from space 13312K, 97% used [0x00000000ec580000,0x00000000ed225898,0x00000000ed280000)
  to   space 13312K, 0% used [0x00000000eb880000,0x00000000eb880000,0x00000000ec580000)
 ParOldGen       total 336896K, used 336771K [0x00000000c0000000, 0x00000000d4900000, 0x00000000eab00000)
  object space 336896K, 99% used [0x00000000c0000000,0x00000000d48e0c30,0x00000000d4900000)
 Metaspace       used 69820K, committed 71104K, reserved 1114112K
  class space    used 7159K, committed 7744K, reserved 1048576K
}
Event: 10.197 GC heap before
{Heap before GC invocations=129 (full 11):
 PSYoungGen      total 27136K, used 26774K [0x00000000eab00000, 0x00000000ed280000, 0x0000000100000000)
  eden space 13824K, 100% used [0x00000000eab00000,0x00000000eb880000,0x00000000eb880000)
  from space 13312K, 97% used [0x00000000ec580000,0x00000000ed225898,0x00000000ed280000)
  to   space 13312K, 0% used [0x00000000eb880000,0x00000000eb880000,0x00000000ec580000)
 ParOldGen       total 336896K, used 336771K [0x00000000c0000000, 0x00000000d4900000, 0x00000000eab00000)
  object space 336896K, 99% used [0x00000000c0000000,0x00000000d48e0c30,0x00000000d4900000)
 Metaspace       used 70450K, committed 71744K, reserved 1114112K
  class space    used 7217K, committed 7808K, reserved 1048576K
}
Event: 10.339 GC heap after
{Heap after GC invocations=129 (full 11):
 PSYoungGen      total 27136K, used 0K [0x00000000eab00000, 0x00000000ed400000, 0x0000000100000000)
  eden space 13824K, 0% used [0x00000000eab00000,0x00000000eab00000,0x00000000eb880000)
  from space 13312K, 0% used [0x00000000eb880000,0x00000000eb880000,0x00000000ec580000)
  to   space 13312K, 0% used [0x00000000ec700000,0x00000000ec700000,0x00000000ed400000)
 ParOldGen       total 379392K, used 332885K [0x00000000c0000000, 0x00000000d7280000, 0x00000000eab00000)
  object space 379392K, 87% used [0x00000000c0000000,0x00000000d45154d8,0x00000000d7280000)
 Metaspace       used 70436K, committed 71744K, reserved 1114112K
  class space    used 7213K, committed 7808K, reserved 1048576K
}
Event: 10.881 GC heap before
{Heap before GC invocations=130 (full 11):
 PSYoungGen      total 27136K, used 13824K [0x00000000eab00000, 0x00000000ed400000, 0x0000000100000000)
  eden space 13824K, 100% used [0x00000000eab00000,0x00000000eb880000,0x00000000eb880000)
  from space 13312K, 0% used [0x00000000eb880000,0x00000000eb880000,0x00000000ec580000)
  to   space 13312K, 0% used [0x00000000ec700000,0x00000000ec700000,0x00000000ed400000)
 ParOldGen       total 379392K, used 332885K [0x00000000c0000000, 0x00000000d7280000, 0x00000000eab00000)
  object space 379392K, 87% used [0x00000000c0000000,0x00000000d45154d8,0x00000000d7280000)
 Metaspace       used 70612K, committed 71872K, reserved 1114112K
  class space    used 7234K, committed 7808K, reserved 1048576K
}
Event: 10.885 GC heap after
{Heap after GC invocations=130 (full 11):
 PSYoungGen      total 22528K, used 8611K [0x00000000eab00000, 0x00000000ecf80000, 0x0000000100000000)
  eden space 13824K, 0% used [0x00000000eab00000,0x00000000eab00000,0x00000000eb880000)
  from space 8704K, 98% used [0x00000000ec700000,0x00000000ecf68cf0,0x00000000ecf80000)
  to   space 10240K, 0% used [0x00000000ebb80000,0x00000000ebb80000,0x00000000ec580000)
 ParOldGen       total 379392K, used 332893K [0x00000000c0000000, 0x00000000d7280000, 0x00000000eab00000)
  object space 379392K, 87% used [0x00000000c0000000,0x00000000d45174d8,0x00000000d7280000)
 Metaspace       used 70612K, committed 71872K, reserved 1114112K
  class space    used 7234K, committed 7808K, reserved 1048576K
}
Event: 11.031 GC heap before
{Heap before GC invocations=131 (full 11):
 PSYoungGen      total 22528K, used 22435K [0x00000000eab00000, 0x00000000ecf80000, 0x0000000100000000)
  eden space 13824K, 100% used [0x00000000eab00000,0x00000000eb880000,0x00000000eb880000)
  from space 8704K, 98% used [0x00000000ec700000,0x00000000ecf68cf0,0x00000000ecf80000)
  to   space 10240K, 0% used [0x00000000ebb80000,0x00000000ebb80000,0x00000000ec580000)
 ParOldGen       total 379392K, used 332893K [0x00000000c0000000, 0x00000000d7280000, 0x00000000eab00000)
  object space 379392K, 87% used [0x00000000c0000000,0x00000000d45174d8,0x00000000d7280000)
 Metaspace       used 70637K, committed 71872K, reserved 1114112K
  class space    used 7236K, committed 7808K, reserved 1048576K
}
Event: 11.035 GC heap after
{Heap after GC invocations=131 (full 11):
 PSYoungGen      total 24064K, used 10224K [0x00000000eab00000, 0x00000000ecd80000, 0x0000000100000000)
  eden space 13824K, 0% used [0x00000000eab00000,0x00000000eab00000,0x00000000eb880000)
  from space 10240K, 99% used [0x00000000ebb80000,0x00000000ec57c1e0,0x00000000ec580000)
  to   space 8192K, 0% used [0x00000000ec580000,0x00000000ec580000,0x00000000ecd80000)
 ParOldGen       total 379392K, used 332901K [0x00000000c0000000, 0x00000000d7280000, 0x00000000eab00000)
  object space 379392K, 87% used [0x00000000c0000000,0x00000000d45194d8,0x00000000d7280000)
 Metaspace       used 70637K, committed 71872K, reserved 1114112K
  class space    used 7236K, committed 7808K, reserved 1048576K
}
Event: 11.098 GC heap before
{Heap before GC invocations=132 (full 11):
 PSYoungGen      total 24064K, used 24048K [0x00000000eab00000, 0x00000000ecd80000, 0x0000000100000000)
  eden space 13824K, 100% used [0x00000000eab00000,0x00000000eb880000,0x00000000eb880000)
  from space 10240K, 99% used [0x00000000ebb80000,0x00000000ec57c1e0,0x00000000ec580000)
  to   space 8192K, 0% used [0x00000000ec580000,0x00000000ec580000,0x00000000ecd80000)
 ParOldGen       total 379392K, used 332901K [0x00000000c0000000, 0x00000000d7280000, 0x00000000eab00000)
  object space 379392K, 87% used [0x00000000c0000000,0x00000000d45194d8,0x00000000d7280000)
 Metaspace       used 70637K, committed 71872K, reserved 1114112K
  class space    used 7236K, committed 7808K, reserved 1048576K
}
Event: 11.101 GC heap after
{Heap after GC invocations=132 (full 11):
 PSYoungGen      total 22016K, used 8187K [0x00000000eab00000, 0x00000000ecd80000, 0x0000000100000000)
  eden space 13824K, 0% used [0x00000000eab00000,0x00000000eab00000,0x00000000eb880000)
  from space 8192K, 99% used [0x00000000ec580000,0x00000000ecd7ed50,0x00000000ecd80000)
  to   space 10240K, 0% used [0x00000000eb980000,0x00000000eb980000,0x00000000ec380000)
 ParOldGen       total 379392K, used 334495K [0x00000000c0000000, 0x00000000d7280000, 0x00000000eab00000)
  object space 379392K, 88% used [0x00000000c0000000,0x00000000d46a7f18,0x00000000d7280000)
 Metaspace       used 70637K, committed 71872K, reserved 1114112K
  class space    used 7236K, committed 7808K, reserved 1048576K
}

